<?xml version="1.0" encoding="UTF-8"?>
<!-- Generated by org.testng.reporters.JUnitReportReporter -->
<testsuite ignored="1" hostname="Hasans-MacBook-Pro.local" failures="0" tests="1" name="test.HomePageTest" time="0.984" errors="0" timestamp="25 Aug 2022 18:49:26 GMT" skipped="0">
  <testcase classname="test.HomePageTest" name="homepagetest" time="0.984"/>
  <testcase classname="test.BaseTest" name="setup">
    <skipped/>
  </testcase> <!-- setup -->
</testsuite> <!-- test.HomePageTest -->
