<?xml version="1.0" encoding="UTF-8"?>
<!-- Generated by org.testng.reporters.JUnitReportReporter -->
<testsuite ignored="0" hostname="Hasans-MacBook-Pro.local" failures="0" tests="1" name="test.CreateNewAccountTest" time="6.289" errors="0" timestamp="08 Sep 2022 17:35:14 GMT" skipped="0">
  <testcase classname="test.CreateNewAccountTest" name="CreateNewAccountPagetest" time="6.289"/>
</testsuite> <!-- test.CreateNewAccountTest -->
